Arguments: 
  /usr/bin/node /usr/bin/yarn

PATH: 
  /usr/local/sbin:/usr/local/bin:/usr/sbin:/usr/bin:/sbin:/bin:/snap/bin

Yarn version: 
  1.22.10

Node version: 
  15.12.0

Platform: 
  linux x64

Trace: 
  Error: EPROTO: protocol error, symlink '../../../parser/bin/babel-parser.js' -> '/home/vagrant/project/back_/node_modules/@babel/core/node_modules/.bin/parser'

npm manifest: 
  {
    "name": "nodejspostgresqlapi",
    "version": "1.0.0",
    "description": "",
    "main": "index.js",
    "scripts": {
      "dev": "nodemon src/index.js --exec babel-node",
      "build": "babel src --out-dir dist",
      "start": "node dist/index.js"
    },
    "author": "",
    "license": "ISC",
    "dependencies": {
      "@babel/polyfill": "^7.6.0",
      "express": "^4.17.1",
      "morgan": "^1.9.1",
      "pg": "^7.12.1",
      "pg-hstore": "^2.3.3",
      "sequelize": "^5.18.4"
    },
    "devDependencies": {
      "@babel/cli": "^7.6.0",
      "@babel/core": "^7.6.0",
      "@babel/node": "^7.6.1",
      "@babel/preset-env": "^7.6.0",
      "nodemon": "^1.19.2"
    }
  }

yarn manifest: 
  No manifest

Lockfile: 
  No lockfile
